============================================================================ 
BACKUP COMPLETO DUAL-DATABASE - 13/09/2025 13:04:41,83 
============================================================================ 
 
[INFO] Avvio backup completo dual-database 
[INFO] Timestamp: 20250913_130441 
[INFO] Directory backup: M:\Progetti\In produzione\gestione-partesa\backup-system\scripts\..\storage\full-backups 
 
[INFO] Verifica connessione MySQL... 
[INFO] Connessione MySQL OK 
[INFO] Backup database viaggi_db... 
[INFO] Backup viaggi_db completato: 1739777 bytes 
[INFO] Backup database gestionelogistica... 
[INFO] Backup gestionelogistica completato: 660695264 bytes 
[INFO] Dimensione totale backup: 662435041 bytes 
[INFO] Registrazione backup nel database di gestione... 
[INFO] Backup registrato con successo 
[INFO] Verifica integrità backup... 
[INFO] File viaggi_db creato correttamente 
[INFO] File gestionelogistica creato correttamente 
[SUCCESS] Backup completo dual-database completato con successo 
[INFO] File creati: 
[INFO]   - M:\Progetti\In produzione\gestione-partesa\backup-system\scripts\..\storage\full-backups\viaggi_db_full_20250913_130441.sql (1739777 bytes) 
[INFO]   - M:\Progetti\In produzione\gestione-partesa\backup-system\scripts\..\storage\full-backups\gestionelogistica_full_20250913_130441.sql (660695264 bytes) 
[INFO] Dimensione totale: 662435041 bytes 
[INFO] Log salvato in: M:\Progetti\In produzione\gestione-partesa\backup-system\scripts\..\logs\backup-full_20250913_130441.log 
============================================================================ 
BACKUP COMPLETATO - 13/09/2025 13:05:04,57 
============================================================================ 
[INFO] Avvio validazione backup... 
[INFO] Avvio validazione backup...
[ERROR] Impossibile connettersi al database: Access denied for user 'root'@'127.0.0.1' (using password: YES)
[INFO] Validazione backup completi...
[INFO] Validazione gestionelogistica_full_20250913_123535.sql...
[INFO] Validazione gestionelogistica_full_20250913_124246.sql...
[INFO] Validazione gestionelogistica_full_20250913_125518.sql...
[INFO] Validazione gestionelogistica_full_20250913_125729.sql...
[INFO] Validazione gestionelogistica_full_20250913_130232.sql...
[INFO] Validazione gestionelogistica_full_20250913_130441.sql...
[INFO] Validazione viaggi_db_full_20250913_123535.sql...
[INFO] Validazione viaggi_db_full_20250913_124246.sql...
[INFO] Validazione viaggi_db_full_20250913_125518.sql...
[INFO] Validazione viaggi_db_full_20250913_125729.sql...
[INFO] Validazione viaggi_db_full_20250913_130232.sql...
[INFO] Validazione viaggi_db_full_20250913_130441.sql...
[INFO] Validazione backup incrementali...
[INFO] Validazione backup differenziali...
[INFO] Controllo file mancanti...
[INFO] Report salvato in: M:\Progetti\In produzione\gestione-partesa\backup-system\logs\validation-report-2025-09-13T11-05-07-943Z.json

============================================================================
RIEPILOGO VALIDAZIONE BACKUP
============================================================================
Timestamp: 2025-09-13T11:05:04.706Z
File totali: 12
File validi: 12
File corrotti: 0
File mancanti: 0
Dimensione totale: 3.70 GB
Backup più vecchio: 2025-09-13T10:35:41.088Z
Backup più recente: 2025-09-13T11:04:59.135Z

Tipi di backup:
  full: 12 file, 3790.48 MB
  incremental: 0 file, 0.00 MB
  differential: 0 file, 0.00 MB
============================================================================

[SUCCESS] Validazione completata con successo!
