============================================================================ 
BACKUP INCREMENTALE DUAL-DATABASE - 13/09/2025 16:44:45,87 
============================================================================ 
 
[INFO] Avvio backup incrementale dual-database 
[INFO] Timestamp: 20250913_164445 
[INFO] Directory backup: M:\Progetti\In produzione\gestione-partesa\backup-system\scripts\..\storage\incremental-backups 
 
[INFO] Verifica connessione MySQL... 
[INFO] Connessione MySQL OK 
[INFO] Verifica configurazione binary log... 
[INFO] Binary logging abilitato 
[INFO] Lettura ultimo stato incrementale... 
[INFO] Ultimo binlog: : 
[INFO] Ottengo posizione corrente del master... 
[DEBUG] Parsing file: M:\Progetti\In produzione\gestione-partesa\backup-system\scripts\..\storage\temp\master_status.txt 
mysql-bin.000001	9732		
[DEBUG] Parsed: File=mysql-bin.000001, Pos=9732 
[DEBUG] Variables: CURRENT_BINLOG_FILE=mysql-bin.000001, CURRENT_BINLOG_POS=9732 
[INFO] Posizione corrente: mysql-bin.000001:9732 
[INFO] Primo backup incrementale, salvo posizione corrente come riferimento 
[SUCCESS] Backup incrementale inizializzato 
[INFO] Registrazione backup nel database di gestione... 
ERROR 1064 (42000) at line 2: You have an error in your SQL syntax; check the manual that corresponds to your MariaDB server version for the right syntax to use near ' 1, 
JSON_OBJECT('binlog_file', 'mysql-bin.000001', 'binlog_pos', '9732', 'pr...' at line 2
[WARNING] Errore nella registrazione del backup 
[SUCCESS] Backup incrementale completato con successo 
[INFO] File creato:  ( bytes) 
[INFO] Posizione aggiornata: mysql-bin.000001:9732 
[INFO] Log salvato in: M:\Progetti\In produzione\gestione-partesa\backup-system\scripts\..\logs\backup-incremental_20250913_164445.log 
============================================================================ 
BACKUP INCREMENTALE COMPLETATO - 13/09/2025 16:44:55,63 
============================================================================ 
[INFO] Avvio validazione backup... 
[INFO] Avvio validazione backup...
[ERROR] Impossibile connettersi al database: Access denied for user 'root'@'127.0.0.1' (using password: YES)
[INFO] Validazione backup completi...
[INFO] Validazione gestionelogistica_full_20250913_123535.sql...
[INFO] Validazione gestionelogistica_full_20250913_124246.sql...
[INFO] Validazione gestionelogistica_full_20250913_125518.sql...
[INFO] Validazione gestionelogistica_full_20250913_125729.sql...
[INFO] Validazione gestionelogistica_full_20250913_130232.sql...
[INFO] Validazione gestionelogistica_full_20250913_130441.sql...
[INFO] Validazione gestionelogistica_full_20250913_130622.sql...
[INFO] Validazione gestionelogistica_full_20250913_153931.sql...
[INFO] Validazione gestionelogistica_full_20250913_154850.sql...
[INFO] Validazione viaggi_db_full_20250913_123535.sql...
[INFO] Validazione viaggi_db_full_20250913_124246.sql...
[INFO] Validazione viaggi_db_full_20250913_125518.sql...
[INFO] Validazione viaggi_db_full_20250913_125729.sql...
[INFO] Validazione viaggi_db_full_20250913_130232.sql...
[INFO] Validazione viaggi_db_full_20250913_130441.sql...
[INFO] Validazione viaggi_db_full_20250913_130622.sql...
[INFO] Validazione viaggi_db_full_20250913_153931.sql...
[INFO] Validazione viaggi_db_full_20250913_154850.sql...
[INFO] Validazione backup incrementali...
[INFO] Validazione backup differenziali...
[INFO] Validazione gestionelogistica_differential_20250913_155107.sql...
[INFO] Validazione gestionelogistica_differential_20250913_162205.sql...
[INFO] Validazione gestionelogistica_differential_20250913_163952.sql...
[INFO] Validazione gestionelogistica_differential_20250913_164328.sql...
[INFO] Validazione viaggi_db_differential_20250913_155107.sql...
[INFO] Validazione viaggi_db_differential_20250913_162205.sql...
[INFO] Validazione viaggi_db_differential_20250913_163456.sql...
[INFO] Validazione viaggi_db_differential_20250913_163639.sql...
[INFO] Validazione viaggi_db_differential_20250913_163806.sql...
[INFO] Validazione viaggi_db_differential_20250913_163952.sql...
[INFO] Validazione viaggi_db_differential_20250913_164328.sql...
[INFO] Controllo file mancanti...
[INFO] Report salvato in: M:\Progetti\In produzione\gestione-partesa\backup-system\logs\validation-report-2025-09-13T14-45-00-862Z.json

============================================================================
RIEPILOGO VALIDAZIONE BACKUP
============================================================================
Timestamp: 2025-09-13T14:44:55.786Z
File totali: 29
File validi: 29
File corrotti: 0
File mancanti: 0
Dimensione totale: 5.56 GB
Backup più vecchio: 2025-09-13T10:35:41.088Z
Backup più recente: 2025-09-13T14:43:51.012Z

Tipi di backup:
  full: 18 file, 5685.73 MB
  incremental: 0 file, 0.00 MB
  differential: 11 file, 3.31 MB
============================================================================

[SUCCESS] Validazione completata con successo!
